  ScoreMenu.cpp
C:\Users\Juan\source\repos\lbaldev\MiniSurvivors\ScoreMenu.cpp(20,64): warning C4244: 'argumento': conversión de 'int' a 'float'; posible pérdida de datos
C:\Users\Juan\source\repos\lbaldev\MiniSurvivors\ScoreMenu.cpp(20,41): warning C4244: 'argumento': conversión de 'int' a 'float'; posible pérdida de datos
C:\Users\Juan\source\repos\lbaldev\MiniSurvivors\ScoreMenu.cpp(29,63): warning C4244: 'argumento': conversión de 'int' a 'float'; posible pérdida de datos
C:\Users\Juan\source\repos\lbaldev\MiniSurvivors\ScoreMenu.cpp(29,44): warning C4244: 'argumento': conversión de 'int' a 'float'; posible pérdida de datos
C:\Users\Juan\source\repos\lbaldev\MiniSurvivors\ScoreMenu.cpp(32,52): warning C4244: 'argumento': conversión de 'const int' a 'T'; posible pérdida de datos
C:\Users\Juan\source\repos\lbaldev\MiniSurvivors\ScoreMenu.cpp(32,52): warning C4244:         with
C:\Users\Juan\source\repos\lbaldev\MiniSurvivors\ScoreMenu.cpp(32,52): warning C4244:         [
C:\Users\Juan\source\repos\lbaldev\MiniSurvivors\ScoreMenu.cpp(32,52): warning C4244:             T=float
C:\Users\Juan\source\repos\lbaldev\MiniSurvivors\ScoreMenu.cpp(32,52): warning C4244:         ]
C:\Users\Juan\source\repos\lbaldev\MiniSurvivors\ScoreMenu.cpp(32,38): warning C4244: 'argumento': conversión de 'const int' a 'T'; posible pérdida de datos
C:\Users\Juan\source\repos\lbaldev\MiniSurvivors\ScoreMenu.cpp(32,38): warning C4244:         with
C:\Users\Juan\source\repos\lbaldev\MiniSurvivors\ScoreMenu.cpp(32,38): warning C4244:         [
C:\Users\Juan\source\repos\lbaldev\MiniSurvivors\ScoreMenu.cpp(32,38): warning C4244:             T=float
C:\Users\Juan\source\repos\lbaldev\MiniSurvivors\ScoreMenu.cpp(32,38): warning C4244:         ]
C:\Users\Juan\source\repos\lbaldev\MiniSurvivors\ScoreMenu.cpp(59,73): warning C4244: 'argumento': conversión de 'size_t' a 'float'; posible pérdida de datos
C:\Users\Juan\source\repos\lbaldev\MiniSurvivors\ScoreMenu.cpp(59,44): warning C4244: 'argumento': conversión de 'int' a 'float'; posible pérdida de datos
  Survivors.cpp
C:\Users\Juan\source\repos\lbaldev\MiniSurvivors\Survivors.cpp(17,33): warning C4244: 'argumento': conversión de 'const int' a 'float'; posible pérdida de datos
C:\Users\Juan\source\repos\lbaldev\MiniSurvivors\Survivors.cpp(17,19): warning C4244: 'argumento': conversión de 'const int' a 'float'; posible pérdida de datos
  Generando código...
  Survivors.vcxproj -> C:\Users\Juan\source\repos\lbaldev\MiniSurvivors\x64\Debug\Survivors.exe
